<?xml version="1.0" encoding="utf-8"?><testsuites name="pytest tests"><testsuite name="pytest" errors="0" failures="0" skipped="0" tests="16" time="2.928" timestamp="2026-05-17T12:32:11.818652+00:00" hostname="agent-env-12752cea-925c-4d7f-85b7-ee19c142810c"><testcase classname="backend.tests.test_proximitymap.TestHealth" name="test_root" time="0.209" /><testcase classname="backend.tests.test_proximitymap.TestHealth" name="test_stats" time="0.050" /><testcase classname="backend.tests.test_proximitymap.TestFloorplans" name="test_create_and_active" time="0.404" /><testcase classname="backend.tests.test_proximitymap.TestFloorplans" name="test_cascade_delete" time="0.444" /><testcase classname="backend.tests.test_proximitymap.TestBeacons" name="test_list_filter_no_idleak" time="0.286" /><testcase classname="backend.tests.test_proximitymap.TestBeacons" name="test_heartbeat_marks_online" time="0.097" /><testcase classname="backend.tests.test_proximitymap.TestBeacons" name="test_heartbeat_no_mac_400" time="0.046" /><testcase classname="backend.tests.test_proximitymap.TestBeacons" name="test_update_beacon" time="0.049" /><testcase classname="backend.tests.test_proximitymap.TestBeacons" name="test_delete_beacon" time="0.146" /><testcase classname="backend.tests.test_proximitymap.TestAisles" name="test_create_list_delete" time="0.141" /><testcase classname="backend.tests.test_proximitymap.TestProducts" name="test_crud_and_search" time="0.196" /><testcase classname="backend.tests.test_proximitymap.TestPositioning" name="test_scan_bias_toward_strong_beacon" time="0.057" /><testcase classname="backend.tests.test_proximitymap.TestPositioning" name="test_scan_no_matching_beacons_400" time="0.048" /><testcase classname="backend.tests.test_proximitymap.TestProximity" name="test_proximity_returns_sorted" time="0.345" /><testcase classname="backend.tests.test_proximitymap.TestRouting" name="test_routing_returns_waypoints_and_steps" time="0.146" /><testcase classname="backend.tests.test_proximitymap.TestRouting" name="test_routing_invalid_product" time="0.105" /></testsuite></testsuites>